<?xml version="1.0" encoding="UTF-8"?>
<testsuite name="SweetStateTest" tests="21" skipped="0" failures="0" errors="0" timestamp="2017-11-20T17:11:24" hostname="localhost" time="0.124">
  <properties/>
  <testcase name="testStartNextTurnFirstAgain" classname="SweetStateTest" time="0.045"/>
  <testcase name="testCalculateDestDistanceSingleCard" classname="SweetStateTest" time="0.006"/>
  <testcase name="testCalculateDestSpecialCardColor" classname="SweetStateTest" time="0.001"/>
  <testcase name="testCalculateDestDistanceGreaterThanZero" classname="SweetStateTest" time="0.001"/>
  <testcase name="testCalculateDestSpecialCard" classname="SweetStateTest" time="0.001"/>
  <testcase name="testClickDeck" classname="SweetStateTest" time="0.002"/>
  <testcase name="testSearchForSpecialSquare" classname="SweetStateTest" time="0.001"/>
  <testcase name="testGetPlayerInFirstAll" classname="SweetStateTest" time="0.001"/>
  <testcase name="testNumSpecialSpacesInPath" classname="SweetStateTest" time="0.001"/>
  <testcase name="testStartNextTurn" classname="SweetStateTest" time="0.002"/>
  <testcase name="testCalculateDestSameColor" classname="SweetStateTest" time="0.002"/>
  <testcase name="testGetPlayerInFirstDouble" classname="SweetStateTest" time="0.002"/>
  <testcase name="testValidNum" classname="SweetStateTest" time="0.001"/>
  <testcase name="testGetPlayerInFirstSingle" classname="SweetStateTest" time="0.001"/>
  <testcase name="testStaticSpaceOption" classname="SweetStateTest" time="0.003"/>
  <testcase name="testAddPlayers" classname="SweetStateTest" time="0.008"/>
  <testcase name="testCalculateDestSkipCard" classname="SweetStateTest" time="0.001"/>
  <testcase name="testRandomSpaceOption" classname="SweetStateTest" time="0.014"/>
  <testcase name="testCalculateDestGrandmaHouse" classname="SweetStateTest" time="0.011"/>
  <testcase name="testPickSpecialSpaces" classname="SweetStateTest" time="0.006"/>
  <testcase name="testCalculateDestDistanceDoubleCard" classname="SweetStateTest" time="0.001"/>
  <system-out><![CDATA[Board has not been created yet!
5 15 25 35 45 
5 15 25 35 45 
5 15 25 35 45 
5 15 25 35 45 
Board has not been created yet!
5 15 25 35 45 
Board has not been created yet!
5 15 25 35 45 
Board has not been created yet!
Board has not been created yet!
5 15 25 35 45 
5 15 25 35 45 
Board has not been created yet!
5 15 25 35 45 
10 5 31 24 18 
5 15 25 35 45 
5 15 25 35 45 
5 15 25 35 45 
]]></system-out>
  <system-err><![CDATA[]]></system-err>
</testsuite>
