<?xml version="1.0" encoding="UTF-8"?>
<testsuite name="SweetStateTest" tests="4" skipped="0" failures="0" errors="0" timestamp="2017-11-18T03:53:45" hostname="Bat-Mobile" time="9.489">
  <properties/>
  <testcase name="testSearchForSpecialSquare" classname="SweetStateTest" time="3.487"/>
  <testcase name="testNumSpecialSpacesInPath" classname="SweetStateTest" time="2.073"/>
  <testcase name="testValidNum" classname="SweetStateTest" time="1.954"/>
  <testcase name="testPickSpecialSpaces" classname="SweetStateTest" time="1.973"/>
  <system-out><![CDATA[00:01
00:02
10 16 2 32 39 
00:03
00:01
00:04
00:02
00:05
00:01
00:03
]]></system-out>
  <system-err><![CDATA[]]></system-err>
</testsuite>
