<?xml version="1.0" encoding="UTF-8"?>
<testsuite name="CardTest" tests="5" skipped="0" failures="0" errors="0" timestamp="2017-11-26T03:19:48" hostname="localhost" time="0.011">
  <properties/>
  <testcase name="doubleOfColor" classname="CardTest" time="0.001"/>
  <testcase name="setSpecialMoveNumberCorrectly" classname="CardTest" time="0.002"/>
  <testcase name="setSpecialMoveCorrectly" classname="CardTest" time="0.001"/>
  <testcase name="setColorCorrectly" classname="CardTest" time="0.0"/>
  <testcase name="setSpecialsCorrectly" classname="CardTest" time="0.0"/>
  <system-out><![CDATA[]]></system-out>
  <system-err><![CDATA[]]></system-err>
</testsuite>
