<?xml version="1.0" encoding="UTF-8"?>
<testsuite name="CardTest" tests="3" skipped="0" failures="0" errors="0" timestamp="2017-11-20T01:06:47" hostname="Bat-Mobile" time="0.003">
  <properties/>
  <testcase name="doubleOfColor" classname="CardTest" time="0.001"/>
  <testcase name="setColorCorrectly" classname="CardTest" time="0.001"/>
  <testcase name="setSpecialsCorrectly" classname="CardTest" time="0.0"/>
  <system-out><![CDATA[]]></system-out>
  <system-err><![CDATA[]]></system-err>
</testsuite>
