<?xml version="1.0" encoding="UTF-8"?>
<testsuite name="DeckTest" tests="3" skipped="0" failures="0" errors="0" timestamp="2017-11-20T01:06:47" hostname="Bat-Mobile" time="0.001">
  <properties/>
  <testcase name="drawForever" classname="DeckTest" time="0.0"/>
  <testcase name="lastIsRight" classname="DeckTest" time="0.0"/>
  <testcase name="testDeckShuffles" classname="DeckTest" time="0.0"/>
  <system-out><![CDATA[]]></system-out>
  <system-err><![CDATA[]]></system-err>
</testsuite>
