<?xml version="1.0" encoding="UTF-8"?>
<testsuite name="StateFileTest" tests="2" skipped="0" failures="0" errors="0" timestamp="2017-12-03T02:08:03" hostname="DESKTOP-B6C5CLH" time="0.013">
  <properties/>
  <testcase name="testStateFileVerifyContentVerifiesCorrectly" classname="StateFileTest" time="0.012"/>
  <testcase name="testStateFileVerifyContentDoesNotVerifyDifferentGameStates" classname="StateFileTest" time="0.001"/>
  <system-out><![CDATA[]]></system-out>
  <system-err><![CDATA[]]></system-err>
</testsuite>
